#
# There is insufficient memory for the Java Runtime Environment to continue.
# Native memory allocation (mmap) failed to map 134217728 bytes for Failed to commit area from 0x0000000080e00000 to 0x0000000088e00000 of length 134217728.
# Possible reasons:
#   The system is out of physical RAM or swap space
#   The process is running with CompressedOops enabled, and the Java Heap may be blocking the growth of the native heap
# Possible solutions:
#   Reduce memory load on the system
#   Increase physical memory or swap space
#   Check if swap backing store is full
#   Decrease Java heap size (-Xmx/-Xms)
#   Decrease number of Java threads
#   Decrease Java thread stack sizes (-Xss)
#   Set larger code cache with -XX:ReservedCodeCacheSize=
# This output file may be truncated or incomplete.
#
#  Out of Memory Error (c:/BuildAgent/work/5ff2f6c26000d570/src/hotspot/os/windows/os_windows.cpp:3281), pid=9020, tid=6212
#
# JRE version:  (11.0.4+10) (build )
# Java VM: OpenJDK 64-Bit Server VM (11.0.4+10-b304.69, mixed mode, aot, sharing, tiered, compressed oops, g1 gc, windows-amd64)
# No core dump will be written. Minidumps are not enabled by default on client versions of Windows
#

---------------  S U M M A R Y ------------

Command Line: org.jetbrains.git4idea.http.GitAskPassApp Username for 'https://github.com': 

Host: Intel(R) Core(TM) i3-7100 CPU @ 3.90GHz, 4 cores, 7G,  Windows 10 , 64 bit Build 17134 (10.0.17134.753)
Time: Fri Oct 18 22:05:21 2019 ?D1¨²¡À¨º¡Á?¨º¡À?? elapsed time: 0 seconds (0d 0h 0m 0s)

---------------  T H R E A D  ---------------

Current thread (0x0000029026253000):  JavaThread "Unknown thread" [_thread_in_vm, id=6212, stack(0x000000db8a800000,0x000000db8a900000)]

Stack: [0x000000db8a800000,0x000000db8a900000]
Native frames: (J=compiled Java code, j=interpreted, Vv=VM code, C=native code)
V  [jvm.dll+0x5db31a]
V  [jvm.dll+0x70c395]
V  [jvm.dll+0x70d8b8]
V  [jvm.dll+0x70df83]
V  [jvm.dll+0x23dbb8]
V  [jvm.dll+0x5d8a74]
V  [jvm.dll+0x5cdb05]
V  [jvm.dll+0x2fa5bb]
V  [jvm.dll+0x2fa52a]
V  [jvm.dll+0x2fa402]
V  [jvm.dll+0x2ff2c6]
V  [jvm.dll+0x347893]
V  [jvm.dll+0x347f96]
V  [jvm.dll+0x347993]
V  [jvm.dll+0x2d4e28]
V  [jvm.dll+0x2d5fd7]
V  [jvm.dll+0x6eb717]
V  [jvm.dll+0x6ecf0c]
V  [jvm.dll+0x354fb9]
V  [jvm.dll+0x6d35be]
V  [jvm.dll+0x3bd673]
V  [jvm.dll+0x3bf9f1]
C  [java.exe+0x3763]
C  [java.exe+0x17a0c]
C  [KERNEL32.DLL+0x14034]
C  [ntdll.dll+0x73691]


---------------  P R O C E S S  ---------------

Threads class SMR info:
_java_thread_list=0x00000290248e69a0, length=0, elements={
}

Java Threads: ( => current thread )

Other Threads:
  0x000002902626b000 GCTaskThread "GC Thread#0" [stack: 0x000000db8a900000,0x000000db8aa00000] [id=21836]
  0x000002902629c000 ConcurrentGCThread "G1 Main Marker" [stack: 0x000000db8aa00000,0x000000db8ab00000] [id=19916]
  0x000002902629d800 ConcurrentGCThread "G1 Conc#0" [stack: 0x000000db8ab00000,0x000000db8ac00000] [id=15284]

[error occurred during error reporting (printing all threads), id 0xc0000005, EXCEPTION_ACCESS_VIOLATION (0xc0000005) at pc=0x00007ff8064a5727]

VM state:not at safepoint (not fully initialized)

VM Mutex/Monitor currently owned by a thread:  ([mutex/lock_event])
[0x000002902624d840] Heap_lock - owner thread: 0x0000029026253000

Heap address: 0x0000000080e00000, size: 2034 MB, Compressed Oops mode: Non-zero based: 0x0000000080e00000
Narrow klass base: 0x0000000000000000, Narrow klass shift: 0

GC Heap History (0 events):
No events

Deoptimization events (0 events):
No events

Classes redefined (0 events):
No events

Internal exceptions (0 events):
No events

Events (0 events):
No events


Dynamic libraries:
0x00007ff77aa30000 - 0x00007ff77aa77000 	C:\Program Files\JetBrains\PyCharm 2019.2.3\jbr\bin\java.exe
0x00007ff86c9c0000 - 0x00007ff86cba1000 	C:\Windows\SYSTEM32\ntdll.dll
0x00007ff86c400000 - 0x00007ff86c4b1000 	C:\Windows\System32\KERNEL32.DLL
0x00007ff869080000 - 0x00007ff8692f3000 	C:\Windows\System32\KERNELBASE.dll
0x00007ff86a920000 - 0x00007ff86aab0000 	C:\Windows\System32\USER32.dll
0x00007ff869350000 - 0x00007ff869370000 	C:\Windows\System32\win32u.dll
0x00007ff869e40000 - 0x00007ff869e68000 	C:\Windows\System32\GDI32.dll
0x00007ff869590000 - 0x00007ff869721000 	C:\Windows\System32\gdi32full.dll
0x00007ff869370000 - 0x00007ff86940f000 	C:\Windows\System32\msvcp_win.dll
0x00007ff869490000 - 0x00007ff869588000 	C:\Windows\System32\ucrtbase.dll
0x00007ff84f840000 - 0x00007ff84faa9000 	C:\Windows\WinSxS\amd64_microsoft.windows.common-controls_6595b64144ccf1df_6.0.17134.1006_none_d3fbb8f77c940c3f\COMCTL32.dll
0x00007ff86a210000 - 0x00007ff86a2ae000 	C:\Windows\System32\msvcrt.dll
0x00007ff86c4c0000 - 0x00007ff86c7e1000 	C:\Windows\System32\combase.dll
0x00007ff869f30000 - 0x00007ff86a054000 	C:\Windows\System32\RPCRT4.dll
0x00007ff869410000 - 0x00007ff869489000 	C:\Windows\System32\bcryptPrimitives.dll
0x00007ff86a060000 - 0x00007ff86a08d000 	C:\Windows\System32\IMM32.DLL
0x00007ff8624b0000 - 0x00007ff8624c7000 	C:\Program Files\JetBrains\PyCharm 2019.2.3\jbr\bin\vcruntime140.dll
0x00007ff83abc0000 - 0x00007ff83ac5d000 	C:\Program Files\JetBrains\PyCharm 2019.2.3\jbr\bin\msvcp140.dll
0x00007ff8061c0000 - 0x00007ff806c78000 	C:\Program Files\JetBrains\PyCharm 2019.2.3\jbr\bin\server\jvm.dll
0x00007ff86a4e0000 - 0x00007ff86a581000 	C:\Windows\System32\ADVAPI32.dll
0x00007ff86a2b0000 - 0x00007ff86a30b000 	C:\Windows\System32\sechost.dll
0x00007ff869e70000 - 0x00007ff869e78000 	C:\Windows\System32\PSAPI.DLL
0x00007ff8622e0000 - 0x00007ff8622e9000 	C:\Windows\SYSTEM32\WSOCK32.dll
0x00007ff85a5b0000 - 0x00007ff85a5d3000 	C:\Windows\SYSTEM32\WINMM.dll
0x00007ff86a390000 - 0x00007ff86a3fc000 	C:\Windows\System32\WS2_32.dll
0x00007ff8643a0000 - 0x00007ff8643aa000 	C:\Windows\SYSTEM32\VERSION.dll
0x00007ff85a580000 - 0x00007ff85a5aa000 	C:\Windows\SYSTEM32\winmmbase.dll
0x00007ff869300000 - 0x00007ff869349000 	C:\Windows\System32\cfgmgr32.dll
0x00007ff868d40000 - 0x00007ff868d51000 	C:\Windows\System32\kernel.appcore.dll
0x00007ff8622f0000 - 0x00007ff862301000 	C:\Program Files\JetBrains\PyCharm 2019.2.3\jbr\bin\verify.dll
0x00007ff8631b0000 - 0x00007ff863379000 	C:\Windows\SYSTEM32\DBGHELP.DLL
0x00007ff862d70000 - 0x00007ff862d99000 	C:\Windows\SYSTEM32\dbgcore.DLL
0x00007ff85e1b0000 - 0x00007ff85e1d9000 	C:\Program Files\JetBrains\PyCharm 2019.2.3\jbr\bin\java.dll
0x00007ff85f550000 - 0x00007ff85f567000 	C:\Program Files\JetBrains\PyCharm 2019.2.3\jbr\bin\zip.dll
0x00007ff862600000 - 0x00007ff86260b000 	C:\Program Files\JetBrains\PyCharm 2019.2.3\jbr\bin\jimage.dll

dbghelp: loaded successfully - version: 4.0.5 - missing functions: none
symbol engine: initialized successfully - sym options: 0x614 - pdb path: .;C:\Program Files\JetBrains\PyCharm 2019.2.3\jbr\bin;C:\Windows\SYSTEM32;C:\Windows\WinSxS\amd64_microsoft.windows.common-controls_6595b64144ccf1df_6.0.17134.1006_none_d3fbb8f77c940c3f;C:\Program Files\JetBrains\PyCharm 2019.2.3\jbr\bin\server

VM Arguments:
java_command: org.jetbrains.git4idea.http.GitAskPassApp Username for 'https://github.com': 
java_class_path (initial): C:/Program Files/JetBrains/PyCharm 2019.2.3/plugins/git4idea/lib/git4idea-rt.jar;C:/Program Files/JetBrains/PyCharm 2019.2.3/lib/xmlrpc-2.0.1.jar;C:/Program Files/JetBrains/PyCharm 2019.2.3/lib/commons-codec-1.13.jar;C:/Program Files/JetBrains/PyCharm 2019.2.3/lib/util.jar
Launcher Type: SUN_STANDARD

[Global flags]
     intx CICompilerCount                          = 3                                         {product} {ergonomic}
     uint ConcGCThreads                            = 1                                         {product} {ergonomic}
     uint G1ConcRefinementThreads                  = 4                                         {product} {ergonomic}
   size_t G1HeapRegionSize                         = 1048576                                   {product} {ergonomic}
    uintx GCDrainStackTargetSize                   = 64                                        {product} {ergonomic}
   size_t InitialHeapSize                          = 134217728                                 {product} {ergonomic}
   size_t MarkStackSize                            = 4194304                                   {product} {ergonomic}
   size_t MaxHeapSize                              = 2132803584                                {product} {ergonomic}
   size_t MinHeapDeltaBytes                        = 1048576                                   {product} {ergonomic}
    uintx NonNMethodCodeHeapSize                   = 5830092                                {pd product} {ergonomic}
    uintx NonProfiledCodeHeapSize                  = 122914074                              {pd product} {ergonomic}
    uintx ProfiledCodeHeapSize                     = 122914074                              {pd product} {ergonomic}
    uintx ReservedCodeCacheSize                    = 251658240                              {pd product} {ergonomic}
     bool SegmentedCodeCache                       = true                                      {product} {ergonomic}
     bool UseCompressedClassPointers               = true                                 {lp64_product} {ergonomic}
     bool UseCompressedOops                        = true                                 {lp64_product} {ergonomic}
     bool UseG1GC                                  = true                                      {product} {ergonomic}
     bool UseLargePagesIndividualAllocation        = false                                  {pd product} {ergonomic}

Logging:
Log output configuration:
 #0: stdout all=warning uptime,level,tags
 #1: stderr all=off uptime,level,tags

Environment Variables:
JAVA_HOME=C:\Program Files\Java\jdk1.8.0_221
PATH=C:\Program Files\Git\mingw64\libexec\git-core;C:\Program Files\Git\mingw64\libexec\git-core;C:\Program Files\Git\mingw64\bin;C:\Program Files\Git\usr\bin;C:\Users\xuyang\bin;C:\ProgramData\Miniconda3;C:\ProgramData\Miniconda3\Library\mingw-w64\bin;C:\ProgramData\Miniconda3\Library\usr\bin;C:\ProgramData\Miniconda3\Library\bin;C:\ProgramData\Miniconda3\Scripts;C:\Program Files (x86)\Common Files\Oracle\Java\javapath;C:\Windows\system32;C:\Windows;C:\Windows\System32\Wbem;C:\Windows\System32\WindowsPowerShell\v1.0;C:\Windows\System32\OpenSSH;C:\Program Files (x86)\NVIDIA Corporation\PhysX\Common;C:\Program Files\NVIDIA Corporation\NVIDIA NvDLISR;C:\Program Files\Java\jdk1.8.0_221\bin;C:\Program Files\Git\cmd;C:\Program Files\Pandoc;C:\Users\xuyang\AppData\Local\Microsoft\WindowsApps;D:\Program Files\Microsoft VS Code\bin
USERNAME=xuyang
DISPLAY=:0.0
OS=Windows_NT
PROCESSOR_IDENTIFIER=Intel64 Family 6 Model 158 Stepping 9, GenuineIntel



---------------  S Y S T E M  ---------------

OS: Windows 10 , 64 bit Build 17134 (10.0.17134.753)

CPU:total 4 (initial active 4) (2 cores per cpu, 2 threads per core) family 6 model 158 stepping 9, cmov, cx8, fxsr, mmx, sse, sse2, sse3, ssse3, sse4.1, sse4.2, popcnt, avx, avx2, aes, clmul, erms, 3dnowpref, lzcnt, ht, tsc, tscinvbit, bmi1, bmi2, adx, fma

Memory: 4k page, system-wide physical 8134M (1836M free)
TotalPageFile size 22474M (AvailPageFile size 118M)
current process WorkingSet (physical memory assigned to process): 9M, peak: 9M
current process commit charge ("private bytes"): 51M, peak: 179M

vm_info: OpenJDK 64-Bit Server VM (11.0.4+10-b304.69) for windows-amd64 JRE (11.0.4+10-b304.69), built on Sep  9 2019 11:39:50 by "" with MS VC++ 14.0 (VS2015)

END.
