#
# There is insufficient memory for the Java Runtime Environment to continue.
# Native memory allocation (malloc) failed to allocate 330832 bytes for Chunk::new
# Possible reasons:
#   The system is out of physical RAM or swap space
#   The process is running with CompressedOops enabled, and the Java Heap may be blocking the growth of the native heap
# Possible solutions:
#   Reduce memory load on the system
#   Increase physical memory or swap space
#   Check if swap backing store is full
#   Decrease Java heap size (-Xmx/-Xms)
#   Decrease number of Java threads
#   Decrease Java thread stack sizes (-Xss)
#   Set larger code cache with -XX:ReservedCodeCacheSize=
#   JVM is running with Zero Based Compressed Oops mode in which the Java heap is
#     placed in the first 32GB address space. The Java Heap base address is the
#     maximum limit for the native heap growth. Please use -XX:HeapBaseMinAddress
#     to set the Java Heap base and to place the Java Heap above 32GB virtual address.
# This output file may be truncated or incomplete.
#
#  Out of Memory Error (allocation.cpp:389), pid=10188, tid=0x0000000000004aa0
#
# JRE version: Java(TM) SE Runtime Environment (8.0_221-b11) (build 1.8.0_221-b11)
# Java VM: Java HotSpot(TM) 64-Bit Server VM (25.221-b11 mixed mode windows-amd64 compressed oops)
# Failed to write core dump. Minidumps are not enabled by default on client versions of Windows
#

---------------  T H R E A D  ---------------

Current thread (0x000000001c8d8800):  JavaThread "C2 CompilerThread0" daemon [_thread_in_native, id=19104, stack(0x000000001e280000,0x000000001e380000)]

Stack: [0x000000001e280000,0x000000001e380000]
[error occurred during error reporting (printing stack bounds), id 0xc0000005]

Native frames: (J=compiled Java code, j=interpreted, Vv=VM code, C=native code)


Current CompileTask:
C2:   3915 1036   !   4       java.io.ObjectInputStream::readObject0 (566 bytes)


---------------  P R O C E S S  ---------------

Java Threads: ( => current thread )
  0x000000001e8db000 JavaThread "pool-1-thread-2" [_thread_in_Java, id=19224, stack(0x000000001f280000,0x000000001f380000)]
  0x000000001e7dd000 JavaThread "pool-1-thread-1" [_thread_blocked, id=5508, stack(0x000000001f180000,0x000000001f280000)]
  0x00000000030a2800 JavaThread "DestroyJavaVM" [_thread_blocked, id=22816, stack(0x0000000001480000,0x0000000001580000)]
  0x000000001e8da800 JavaThread "Thread-3" [_thread_in_native, id=11696, stack(0x000000001f080000,0x000000001f180000)]
  0x000000001e8d8000 JavaThread "server-timer" daemon [_thread_blocked, id=4800, stack(0x000000001ef80000,0x000000001f080000)]
  0x000000001dd0e800 JavaThread "Service Thread" daemon [_thread_blocked, id=7652, stack(0x000000001e580000,0x000000001e680000)]
  0x000000001c8df000 JavaThread "C1 CompilerThread2" daemon [_thread_in_native, id=9968, stack(0x000000001e480000,0x000000001e580000)]
  0x000000001c8db000 JavaThread "C2 CompilerThread1" daemon [_thread_in_native, id=21488, stack(0x000000001e380000,0x000000001e480000)]
=>0x000000001c8d8800 JavaThread "C2 CompilerThread0" daemon [_thread_in_native, id=19104, stack(0x000000001e280000,0x000000001e380000)]
  0x000000001c8d8000 JavaThread "Attach Listener" daemon [_thread_blocked, id=10924, stack(0x000000001e180000,0x000000001e280000)]
  0x000000001dcc3800 JavaThread "Signal Dispatcher" daemon [_thread_blocked, id=15848, stack(0x000000001e080000,0x000000001e180000)]
  0x000000001c8aa800 JavaThread "Finalizer" daemon [_thread_blocked, id=21732, stack(0x000000001db20000,0x000000001dc20000)]
  0x000000001c889000 JavaThread "Reference Handler" daemon [_thread_blocked, id=19768, stack(0x000000001da20000,0x000000001db20000)]

Other Threads:
  0x000000001c887800 VMThread [stack: 0x000000001d920000,0x000000001da20000] [id=13472]
  0x000000001dd2a000 WatcherThread [stack: 0x000000001e680000,0x000000001e780000] [id=15908]

VM state:not at safepoint (normal execution)

VM Mutex/Monitor currently owned by a thread: None

heap address: 0x00000006c0000000, size: 4096 MB, Compressed Oops mode: Zero based, Oop shift amount: 3
Narrow klass base: 0x0000000000000000, Narrow klass shift: 3
Compressed class space size: 1073741824 Address: 0x00000007c0000000

Heap:
 PSYoungGen      total 71680K, used 3885K [0x000000076ab00000, 0x000000076f600000, 0x00000007c0000000)
  eden space 66560K, 5% used [0x000000076ab00000,0x000000076aecb428,0x000000076ec00000)
  from space 5120K, 0% used [0x000000076f100000,0x000000076f100000,0x000000076f600000)
  to   space 5120K, 0% used [0x000000076ec00000,0x000000076ec00000,0x000000076f100000)
 ParOldGen       total 142336K, used 113537K [0x00000006c0000000, 0x00000006c8b00000, 0x000000076ab00000)
  object space 142336K, 79% used [0x00000006c0000000,0x00000006c6ee07e0,0x00000006c8b00000)
 Metaspace       used 10103K, capacity 10460K, committed 10624K, reserved 1058816K
  class space    used 1187K, capacity 1314K, committed 1408K, reserved 1048576K

Card table byte_map: [0x0000000012560000,0x0000000012d70000] byte_map_base: 0x000000000ef60000

Marking Bits: (ParMarkBitMap*) 0x0000000072a35ce0
 Begin Bits: [0x00000000136d0000, 0x00000000176d0000)
 End Bits:   [0x00000000176d0000, 0x000000001b6d0000)

Polling page: 0x0000000000be0000

CodeCache: size=245760Kb used=3908Kb max_used=3908Kb free=241851Kb
 bounds [0x00000000031a0000, 0x0000000003580000, 0x00000000121a0000]
 total_blobs=1407 nmethods=1050 adapters=270
 compilation: enabled

Compilation events (10 events):
Event: 3.556 Thread 0x000000001c8df000 1058       2       java.io.ObjectInputStream$BlockDataInputStream::readUnsignedShort (76 bytes)
Event: 3.557 Thread 0x000000001c8df000 nmethod 1058 0x0000000003568ad0 code [0x0000000003568c40, 0x0000000003568eb8]
Event: 3.557 Thread 0x000000001c8df000 1059   !   2       java.io.ObjectInputStream::readSerialData (367 bytes)
Event: 3.559 Thread 0x000000001c8df000 nmethod 1059 0x0000000003569d90 code [0x000000000356a040, 0x000000000356add8]
Event: 3.559 Thread 0x000000001c8df000 1060       2       java.io.ObjectInputStream::readString (117 bytes)
Event: 3.560 Thread 0x000000001c8df000 nmethod 1060 0x0000000003564bd0 code [0x0000000003564e00, 0x0000000003565438]
Event: 3.560 Thread 0x000000001c8df000 1061   !   2       sun.reflect.GeneratedSerializationConstructorAccessor33::newInstance (49 bytes)
Event: 3.560 Thread 0x000000001c8df000 nmethod 1061 0x000000000356e810 code [0x000000000356e9a0, 0x000000000356ecc8]
Event: 3.905 Thread 0x000000001c8db000 nmethod 1056 0x0000000003572590 code [0x0000000003572780, 0x0000000003573240]
Event: 3.905 Thread 0x000000001c8db000 1040       4       java.io.ObjectInputStream::defaultReadFields (199 bytes)

GC Heap History (10 events):
Event: 2.642 GC heap before
{Heap before GC invocations=4 (full 0):
 PSYoungGen      total 38400K, used 38395K [0x000000076ab00000, 0x000000076f600000, 0x00000007c0000000)
  eden space 33280K, 100% used [0x000000076ab00000,0x000000076cb80000,0x000000076cb80000)
  from space 5120K, 99% used [0x000000076cb80000,0x000000076d07ecc8,0x000000076d080000)
  to   space 5120K, 0% used [0x000000076f100000,0x000000076f100000,0x000000076f600000)
 ParOldGen       total 87552K, used 55844K [0x00000006c0000000, 0x00000006c5580000, 0x000000076ab00000)
  object space 87552K, 63% used [0x00000006c0000000,0x00000006c36890a0,0x00000006c5580000)
 Metaspace       used 9682K, capacity 9900K, committed 9984K, reserved 1058816K
  class space    used 1150K, capacity 1242K, committed 1280K, reserved 1048576K
Event: 2.667 GC heap after
Heap after GC invocations=4 (full 0):
 PSYoungGen      total 71680K, used 5115K [0x000000076ab00000, 0x000000076f600000, 0x00000007c0000000)
  eden space 66560K, 0% used [0x000000076ab00000,0x000000076ab00000,0x000000076ec00000)
  from space 5120K, 99% used [0x000000076f100000,0x000000076f5fecc8,0x000000076f600000)
  to   space 5120K, 0% used [0x000000076ec00000,0x000000076ec00000,0x000000076f100000)
 ParOldGen       total 87552K, used 73644K [0x00000006c0000000, 0x00000006c5580000, 0x000000076ab00000)
  object space 87552K, 84% used [0x00000006c0000000,0x00000006c47eb0b0,0x00000006c5580000)
 Metaspace       used 9682K, capacity 9900K, committed 9984K, reserved 1058816K
  class space    used 1150K, capacity 1242K, committed 1280K, reserved 1048576K
}
Event: 2.667 GC heap before
{Heap before GC invocations=5 (full 1):
 PSYoungGen      total 71680K, used 5115K [0x000000076ab00000, 0x000000076f600000, 0x00000007c0000000)
  eden space 66560K, 0% used [0x000000076ab00000,0x000000076ab00000,0x000000076ec00000)
  from space 5120K, 99% used [0x000000076f100000,0x000000076f5fecc8,0x000000076f600000)
  to   space 5120K, 0% used [0x000000076ec00000,0x000000076ec00000,0x000000076f100000)
 ParOldGen       total 87552K, used 73644K [0x00000006c0000000, 0x00000006c5580000, 0x000000076ab00000)
  object space 87552K, 84% used [0x00000006c0000000,0x00000006c47eb0b0,0x00000006c5580000)
 Metaspace       used 9682K, capacity 9900K, committed 9984K, reserved 1058816K
  class space    used 1150K, capacity 1242K, committed 1280K, reserved 1048576K
Event: 3.049 GC heap after
Heap after GC invocations=5 (full 1):
 PSYoungGen      total 71680K, used 0K [0x000000076ab00000, 0x000000076f600000, 0x00000007c0000000)
  eden space 66560K, 0% used [0x000000076ab00000,0x000000076ab00000,0x000000076ec00000)
  from space 5120K, 0% used [0x000000076f100000,0x000000076f100000,0x000000076f600000)
  to   space 5120K, 0% used [0x000000076ec00000,0x000000076ec00000,0x000000076f100000)
 ParOldGen       total 142336K, used 66193K [0x00000006c0000000, 0x00000006c8b00000, 0x000000076ab00000)
  object space 142336K, 46% used [0x00000006c0000000,0x00000006c40a4468,0x00000006c8b00000)
 Metaspace       used 9682K, capacity 9900K, committed 9984K, reserved 1058816K
  class space    used 1150K, capacity 1242K, committed 1280K, reserved 1048576K
}
Event: 3.158 GC heap before
{Heap before GC invocations=6 (full 1):
 PSYoungGen      total 71680K, used 66560K [0x000000076ab00000, 0x000000076f600000, 0x00000007c0000000)
  eden space 66560K, 100% used [0x000000076ab00000,0x000000076ec00000,0x000000076ec00000)
  from space 5120K, 0% used [0x000000076f100000,0x000000076f100000,0x000000076f600000)
  to   space 5120K, 0% used [0x000000076ec00000,0x000000076ec00000,0x000000076f100000)
 ParOldGen       total 142336K, used 66193K [0x00000006c0000000, 0x00000006c8b00000, 0x000000076ab00000)
  object space 142336K, 46% used [0x00000006c0000000,0x00000006c40a4468,0x00000006c8b00000)
 Metaspace       used 9682K, capacity 9900K, committed 9984K, reserved 1058816K
  class space    used 1150K, capacity 1242K, committed 1280K, reserved 1048576K
Event: 3.204 GC heap after
Heap after GC invocations=6 (full 1):
 PSYoungGen      total 71680K, used 5088K [0x000000076ab00000, 0x000000076f600000, 0x00000007c0000000)
  eden space 66560K, 0% used [0x000000076ab00000,0x000000076ab00000,0x000000076ec00000)
  from space 5120K, 99% used [0x000000076ec00000,0x000000076f0f8010,0x000000076f100000)
  to   space 5120K, 0% used [0x000000076f100000,0x000000076f100000,0x000000076f600000)
 ParOldGen       total 142336K, used 99289K [0x00000006c0000000, 0x00000006c8b00000, 0x000000076ab00000)
  object space 142336K, 69% used [0x00000006c0000000,0x00000006c60f6488,0x00000006c8b00000)
 Metaspace       used 9682K, capacity 9900K, committed 9984K, reserved 1058816K
  class space    used 1150K, capacity 1242K, committed 1280K, reserved 1048576K
}
Event: 3.561 GC heap before
{Heap before GC invocations=7 (full 1):
 PSYoungGen      total 71680K, used 71648K [0x000000076ab00000, 0x000000076f600000, 0x00000007c0000000)
  eden space 66560K, 100% used [0x000000076ab00000,0x000000076ec00000,0x000000076ec00000)
  from space 5120K, 99% used [0x000000076ec00000,0x000000076f0f8010,0x000000076f100000)
  to   space 5120K, 0% used [0x000000076f100000,0x000000076f100000,0x000000076f600000)
 ParOldGen       total 142336K, used 99289K [0x00000006c0000000, 0x00000006c8b00000, 0x000000076ab00000)
  object space 142336K, 69% used [0x00000006c0000000,0x00000006c60f6488,0x00000006c8b00000)
 Metaspace       used 10103K, capacity 10460K, committed 10624K, reserved 1058816K
  class space    used 1187K, capacity 1314K, committed 1408K, reserved 1048576K
Event: 3.602 GC heap after
Heap after GC invocations=7 (full 1):
 PSYoungGen      total 71680K, used 5108K [0x000000076ab00000, 0x000000076f600000, 0x00000007c0000000)
  eden space 66560K, 0% used [0x000000076ab00000,0x000000076ab00000,0x000000076ec00000)
  from space 5120K, 99% used [0x000000076f100000,0x000000076f5fd050,0x000000076f600000)
  to   space 5120K, 0% used [0x000000076ec00000,0x000000076ec00000,0x000000076f100000)
 ParOldGen       total 142336K, used 127726K [0x00000006c0000000, 0x00000006c8b00000, 0x000000076ab00000)
  object space 142336K, 89% used [0x00000006c0000000,0x00000006c7cbb820,0x00000006c8b00000)
 Metaspace       used 10103K, capacity 10460K, committed 10624K, reserved 1058816K
  class space    used 1187K, capacity 1314K, committed 1408K, reserved 1048576K
}
Event: 3.603 GC heap before
{Heap before GC invocations=8 (full 2):
 PSYoungGen      total 71680K, used 5108K [0x000000076ab00000, 0x000000076f600000, 0x00000007c0000000)
  eden space 66560K, 0% used [0x000000076ab00000,0x000000076ab00000,0x000000076ec00000)
  from space 5120K, 99% used [0x000000076f100000,0x000000076f5fd050,0x000000076f600000)
  to   space 5120K, 0% used [0x000000076ec00000,0x000000076ec00000,0x000000076f100000)
 ParOldGen       total 142336K, used 127726K [0x00000006c0000000, 0x00000006c8b00000, 0x000000076ab00000)
  object space 142336K, 89% used [0x00000006c0000000,0x00000006c7cbb820,0x00000006c8b00000)
 Metaspace       used 10103K, capacity 10460K, committed 10624K, reserved 1058816K
  class space    used 1187K, capacity 1314K, committed 1408K, reserved 1048576K
Event: 3.904 GC heap after
Heap after GC invocations=8 (full 2):
 PSYoungGen      total 71680K, used 0K [0x000000076ab00000, 0x000000076f600000, 0x00000007c0000000)
  eden space 66560K, 0% used [0x000000076ab00000,0x000000076ab00000,0x000000076ec00000)
  from space 5120K, 0% used [0x000000076f100000,0x000000076f100000,0x000000076f600000)
  to   space 5120K, 0% used [0x000000076ec00000,0x000000076ec00000,0x000000076f100000)
 ParOldGen       total 142336K, used 113537K [0x00000006c0000000, 0x00000006c8b00000, 0x000000076ab00000)
  object space 142336K, 79% used [0x00000006c0000000,0x00000006c6ee07e0,0x00000006c8b00000)
 Metaspace       used 10103K, capacity 10460K, committed 10624K, reserved 1058816K
  class space    used 1187K, capacity 1314K, committed 1408K, reserved 1048576K
}

Deoptimization events (10 events):
Event: 3.479 Thread 0x000000001e8db000 Uncommon trap: reason=class_check action=maybe_recompile pc=0x00000000034b5b6c method=java.io.ObjectInputStream$PeekInputStream.read()I @ 23
Event: 3.479 Thread 0x000000001e8db000 Uncommon trap: reason=class_check action=maybe_recompile pc=0x00000000034bc748 method=java.io.ObjectInputStream$PeekInputStream.peek()I @ 17
Event: 3.479 Thread 0x000000001e8db000 Uncommon trap: reason=class_check action=maybe_recompile pc=0x00000000034b5b6c method=java.io.ObjectInputStream$PeekInputStream.read()I @ 23
Event: 3.479 Thread 0x000000001e8db000 Uncommon trap: reason=class_check action=maybe_recompile pc=0x00000000034b529c method=java.io.ObjectInputStream$PeekInputStream.peek()I @ 17
Event: 3.479 Thread 0x000000001e8db000 Uncommon trap: reason=class_check action=maybe_recompile pc=0x00000000034b8868 method=java.io.ObjectInputStream$PeekInputStream.read()I @ 23
Event: 3.491 Thread 0x000000001e8db000 Uncommon trap: reason=bimorphic action=maybe_recompile pc=0x0000000003471890 method=java.io.BufferedInputStream.read([BII)I @ 101
Event: 3.491 Thread 0x000000001e8db000 Uncommon trap: reason=bimorphic action=maybe_recompile pc=0x0000000003471890 method=java.io.BufferedInputStream.read([BII)I @ 101
Event: 3.492 Thread 0x000000001e8db000 Uncommon trap: reason=bimorphic action=maybe_recompile pc=0x0000000003471890 method=java.io.BufferedInputStream.read([BII)I @ 101
Event: 3.492 Thread 0x000000001e8db000 Uncommon trap: reason=bimorphic action=maybe_recompile pc=0x0000000003471890 method=java.io.BufferedInputStream.read([BII)I @ 101
Event: 3.556 Thread 0x000000001e8db000 Uncommon trap: reason=unstable_if action=reinterpret pc=0x000000000356c964 method=java.io.ObjectStreamClass.getClassDataLayout()[Ljava/io/ObjectStreamClass$ClassDataSlot; @ 4

Classes redefined (0 events):
No events

Internal exceptions (10 events):
Event: 0.122 Thread 0x00000000030a2800 Exception <a 'java/security/PrivilegedActionException'> (0x000000076ad207a0) thrown at [C:\re\workspace\8-2-build-windows-amd64-cygwin\jdk8u221\13320\hotspot\src\share\vm\prims\jvm.cpp, line 1502]
Event: 0.122 Thread 0x00000000030a2800 Exception <a 'java/security/PrivilegedActionException'> (0x000000076ad209b0) thrown at [C:\re\workspace\8-2-build-windows-amd64-cygwin\jdk8u221\13320\hotspot\src\share\vm\prims\jvm.cpp, line 1502]
Event: 0.215 Thread 0x00000000030a2800 Exception <a 'java/lang/NoSuchFieldError': method resolution failed> (0x000000076aedd340) thrown at [C:\re\workspace\8-2-build-windows-amd64-cygwin\jdk8u221\13320\hotspot\src\share\vm\prims\methodHandles.cpp, line 1167]
Event: 0.231 Thread 0x00000000030a2800 Exception <a 'java/lang/NoSuchFieldError': method resolution failed> (0x000000076aeea758) thrown at [C:\re\workspace\8-2-build-windows-amd64-cygwin\jdk8u221\13320\hotspot\src\share\vm\prims\methodHandles.cpp, line 1167]
Event: 0.293 Thread 0x00000000030a2800 Exception <a 'java/security/PrivilegedActionException'> (0x000000076b077d00) thrown at [C:\re\workspace\8-2-build-windows-amd64-cygwin\jdk8u221\13320\hotspot\src\share\vm\prims\jvm.cpp, line 1502]
Event: 0.293 Thread 0x00000000030a2800 Exception <a 'java/security/PrivilegedActionException'> (0x000000076b077f10) thrown at [C:\re\workspace\8-2-build-windows-amd64-cygwin\jdk8u221\13320\hotspot\src\share\vm\prims\jvm.cpp, line 1502]
Event: 0.293 Thread 0x00000000030a2800 Exception <a 'java/security/PrivilegedActionException'> (0x000000076b07bd68) thrown at [C:\re\workspace\8-2-build-windows-amd64-cygwin\jdk8u221\13320\hotspot\src\share\vm\prims\jvm.cpp, line 1502]
Event: 0.293 Thread 0x00000000030a2800 Exception <a 'java/security/PrivilegedActionException'> (0x000000076b07bf78) thrown at [C:\re\workspace\8-2-build-windows-amd64-cygwin\jdk8u221\13320\hotspot\src\share\vm\prims\jvm.cpp, line 1502]
Event: 2.091 Thread 0x000000001e8db000 Exception <a 'java/lang/IncompatibleClassChangeError': Found class java.lang.Object, but interface was expected> (0x000000076bcf3c68) thrown at [C:\re\workspace\8-2-build-windows-amd64-cygwin\jdk8u221\13320\hotspot\src\share\vm\interpreter\linkResolver.cp
Event: 2.346 Thread 0x000000001e8db000 Implicit null exception at 0x0000000003474ff2 to 0x00000000034753a1

Events (10 events):
Event: 3.492 Thread 0x000000001e8db000 DEOPT PACKING pc=0x0000000003471890 sp=0x000000001f37c400
Event: 3.492 Thread 0x000000001e8db000 DEOPT UNPACKING pc=0x00000000031e583b sp=0x000000001f37c3c0 mode 2
Event: 3.492 Thread 0x000000001e8db000 Uncommon trap: trap_request=0xffffffc6 fr.pc=0x0000000003471890
Event: 3.492 Thread 0x000000001e8db000 DEOPT PACKING pc=0x0000000003471890 sp=0x000000001f37c400
Event: 3.492 Thread 0x000000001e8db000 DEOPT UNPACKING pc=0x00000000031e583b sp=0x000000001f37c3c0 mode 2
Event: 3.556 Thread 0x000000001e8db000 Uncommon trap: trap_request=0xffffff65 fr.pc=0x000000000356c964
Event: 3.556 Thread 0x000000001e8db000 DEOPT PACKING pc=0x000000000356c964 sp=0x000000001f37c120
Event: 3.556 Thread 0x000000001e8db000 DEOPT UNPACKING pc=0x00000000031e583b sp=0x000000001f37c080 mode 2
Event: 3.561 Executing VM operation: ParallelGCFailedAllocation
Event: 3.904 Executing VM operation: ParallelGCFailedAllocation done


Dynamic libraries:
0x00007ff63ad90000 - 0x00007ff63adc7000 	C:\Program Files (x86)\Common Files\Oracle\Java\javapath\java.exe
0x00007ff86c9c0000 - 0x00007ff86cba1000 	C:\Windows\SYSTEM32\ntdll.dll
0x00007ff86c400000 - 0x00007ff86c4b1000 	C:\Windows\System32\KERNEL32.DLL
0x00007ff869080000 - 0x00007ff8692f3000 	C:\Windows\System32\KERNELBASE.dll
0x00007ff86a4e0000 - 0x00007ff86a581000 	C:\Windows\System32\ADVAPI32.dll
0x00007ff86a210000 - 0x00007ff86a2ae000 	C:\Windows\System32\msvcrt.dll
0x00007ff86a2b0000 - 0x00007ff86a30b000 	C:\Windows\System32\sechost.dll
0x00007ff869f30000 - 0x00007ff86a054000 	C:\Windows\System32\RPCRT4.dll
0x00007ff86a920000 - 0x00007ff86aab0000 	C:\Windows\System32\USER32.dll
0x00007ff869350000 - 0x00007ff869370000 	C:\Windows\System32\win32u.dll
0x00007ff869e40000 - 0x00007ff869e68000 	C:\Windows\System32\GDI32.dll
0x00007ff869590000 - 0x00007ff869721000 	C:\Windows\System32\gdi32full.dll
0x00007ff869370000 - 0x00007ff86940f000 	C:\Windows\System32\msvcp_win.dll
0x00007ff869490000 - 0x00007ff869588000 	C:\Windows\System32\ucrtbase.dll
0x00007ff84f840000 - 0x00007ff84faa9000 	C:\Windows\WinSxS\amd64_microsoft.windows.common-controls_6595b64144ccf1df_6.0.17134.1006_none_d3fbb8f77c940c3f\COMCTL32.dll
0x00007ff86c4c0000 - 0x00007ff86c7e1000 	C:\Windows\System32\combase.dll
0x00007ff869410000 - 0x00007ff869489000 	C:\Windows\System32\bcryptPrimitives.dll
0x00007ff86a060000 - 0x00007ff86a08d000 	C:\Windows\System32\IMM32.DLL
0x0000000073120000 - 0x00000000731f2000 	C:\Program Files\Java\jre1.8.0_221\bin\msvcr100.dll
0x0000000072210000 - 0x0000000072ab5000 	C:\Program Files\Java\jre1.8.0_221\bin\server\jvm.dll
0x00007ff869e70000 - 0x00007ff869e78000 	C:\Windows\System32\PSAPI.DLL
0x00007ff8622e0000 - 0x00007ff8622e9000 	C:\Windows\SYSTEM32\WSOCK32.dll
0x00007ff85a5b0000 - 0x00007ff85a5d3000 	C:\Windows\SYSTEM32\WINMM.dll
0x00007ff86a390000 - 0x00007ff86a3fc000 	C:\Windows\System32\WS2_32.dll
0x00007ff8643a0000 - 0x00007ff8643aa000 	C:\Windows\SYSTEM32\VERSION.dll
0x00007ff85a580000 - 0x00007ff85a5aa000 	C:\Windows\SYSTEM32\WINMMBASE.dll
0x00007ff869300000 - 0x00007ff869349000 	C:\Windows\System32\cfgmgr32.dll
0x00007ff85a5e0000 - 0x00007ff85a5ef000 	C:\Program Files\Java\jre1.8.0_221\bin\verify.dll
0x00007ff851b90000 - 0x00007ff851bb9000 	C:\Program Files\Java\jre1.8.0_221\bin\java.dll
0x00007ff851e20000 - 0x00007ff851e36000 	C:\Program Files\Java\jre1.8.0_221\bin\zip.dll
0x00007ff86ab60000 - 0x00007ff86bfa2000 	C:\Windows\System32\SHELL32.dll
0x00007ff86aab0000 - 0x00007ff86ab59000 	C:\Windows\System32\shcore.dll
0x00007ff869730000 - 0x00007ff869e3e000 	C:\Windows\System32\windows.storage.dll
0x00007ff86a840000 - 0x00007ff86a891000 	C:\Windows\System32\shlwapi.dll
0x00007ff868d40000 - 0x00007ff868d51000 	C:\Windows\System32\kernel.appcore.dll
0x00007ff868d60000 - 0x00007ff868d7f000 	C:\Windows\System32\profapi.dll
0x00007ff868cc0000 - 0x00007ff868d0c000 	C:\Windows\System32\powrprof.dll
0x00007ff868d30000 - 0x00007ff868d3a000 	C:\Windows\System32\FLTLIB.DLL
0x00007ff851da0000 - 0x00007ff851dba000 	C:\Program Files\Java\jre1.8.0_221\bin\net.dll
0x00007ff8608e0000 - 0x00007ff860aaa000 	C:\Windows\SYSTEM32\urlmon.dll
0x00007ff85e250000 - 0x00007ff85e4f7000 	C:\Windows\SYSTEM32\iertutil.dll
0x00007ff8686b0000 - 0x00007ff8686bb000 	C:\Windows\SYSTEM32\CRYPTBASE.DLL
0x00007ff8684e0000 - 0x00007ff868546000 	C:\Windows\system32\mswsock.dll
0x00007ff8639d0000 - 0x00007ff8639e6000 	C:\Windows\system32\napinsp.dll
0x00007ff8639b0000 - 0x00007ff8639ca000 	C:\Windows\system32\pnrpnsp.dll
0x00007ff8647e0000 - 0x00007ff8647f9000 	C:\Windows\system32\NLAapi.dll
0x00007ff868270000 - 0x00007ff86832e000 	C:\Windows\SYSTEM32\DNSAPI.dll
0x00007ff869e80000 - 0x00007ff869e88000 	C:\Windows\System32\NSI.dll
0x00007ff868230000 - 0x00007ff868268000 	C:\Windows\SYSTEM32\IPHLPAPI.DLL
0x00007ff866f10000 - 0x00007ff866f1e000 	C:\Windows\System32\winrnr.dll
0x00007ff862e20000 - 0x00007ff862e35000 	C:\Windows\System32\wshbth.dll
0x00007ff862a10000 - 0x00007ff862a1a000 	C:\Windows\System32\rasadhlp.dll
0x00007ff862a80000 - 0x00007ff862af2000 	C:\Windows\System32\fwpuclnt.dll
0x00007ff868820000 - 0x00007ff868845000 	C:\Windows\SYSTEM32\bcrypt.dll
0x00007ff8519d0000 - 0x00007ff8519e2000 	C:\Program Files\Java\jre1.8.0_221\bin\nio.dll
0x00007ff868690000 - 0x00007ff8686a7000 	C:\Windows\SYSTEM32\CRYPTSP.dll
0x00007ff868090000 - 0x00007ff8680c3000 	C:\Windows\system32\rsaenh.dll
0x00007ff868bc0000 - 0x00007ff868be8000 	C:\Windows\SYSTEM32\USERENV.dll
0x00007ff864620000 - 0x00007ff864636000 	C:\Windows\SYSTEM32\dhcpcsvc6.DLL
0x00007ff864600000 - 0x00007ff86461a000 	C:\Windows\SYSTEM32\dhcpcsvc.DLL

VM Arguments:
jvm_args: -Xmx4g 
java_command: edu.stanford.nlp.pipeline.StanfordCoreNLPServer -port 9018
java_class_path (initial): D:\Program Files\stanford-corenlp-full-2018-10-05\ejml-0.23.jar;D:\Program Files\stanford-corenlp-full-2018-10-05\javax.activation-api-1.2.0-sources.jar;D:\Program Files\stanford-corenlp-full-2018-10-05\javax.activation-api-1.2.0.jar;D:\Program Files\stanford-corenlp-full-2018-10-05\javax.json-api-1.0-sources.jar;D:\Program Files\stanford-corenlp-full-2018-10-05\javax.json.jar;D:\Program Files\stanford-corenlp-full-2018-10-05\jaxb-api-2.4.0-b180830.0359-sources.jar;D:\Program Files\stanford-corenlp-full-2018-10-05\jaxb-api-2.4.0-b180830.0359.jar;D:\Program Files\stanford-corenlp-full-2018-10-05\jaxb-core-2.3.0.1-sources.jar;D:\Program Files\stanford-corenlp-full-2018-10-05\jaxb-core-2.3.0.1.jar;D:\Program Files\stanford-corenlp-full-2018-10-05\jaxb-impl-2.4.0-b180830.0438-sources.jar;D:\Program Files\stanford-corenlp-full-2018-10-05\jaxb-impl-2.4.0-b180830.0438.jar;D:\Program Files\stanford-corenlp-full-2018-10-05\joda-time-2.9-sources.jar;D:\Program Files\stanford-corenlp-full-2018-10-05\joda-time.jar;D:\Program Files\stanford-corenlp-full-2018-10-05\jollyday-0.4.9-sources.jar;D:\Program Files\stanford-corenlp-full-2018-10-05\jollyday.jar;D:\Program Files\stanford-corenlp-full-2018-10-05\protobuf.jar;D:\Program Files\stanford-corenlp-full-2018-10-05\slf4j-api.jar;D:\Program Files\stanford-corenlp-full-2018-10-05\slf4j-simple.jar;D:\Program Files\stanford-corenlp-full-2018-10-05\stanford-corenlp-3.9.2-javadoc.jar;D:\Program Files\stanford-corenlp-full-2018-10-05\stanford-corenlp-3.9.2-models.jar;D:\Program Files\stanford-corenlp-full-2018-10-05\stanford-corenlp-3.9.2-sources.jar;D:\Program Files\stanford-corenlp-full-2018-10-05\stanford-corenlp-3.9.2.jar;D:\Program Files\stanford-corenlp-full-2018-10-05\xom-1.2.10-src.jar;D:\Program Files\stanford-corenlp-full-2018-10-05\xom.jar
Launcher Type: SUN_STANDARD

Environment Variables:
JAVA_HOME=C:\Program Files\Java\jdk1.8.0_221
PATH=C:\Users\xuyang\AppData\Roaming\Python\Python37\site-packages\mxnet;C:\ProgramData\Miniconda3;C:\ProgramData\Miniconda3\Library\mingw-w64\bin;C:\ProgramData\Miniconda3\Library\usr\bin;C:\ProgramData\Miniconda3\Library\bin;C:\ProgramData\Miniconda3\Scripts;C:\ProgramData\Miniconda3\bin;C:\ProgramData\Miniconda3\condabin;C:\ProgramData\Miniconda3;C:\ProgramData\Miniconda3\Library\mingw-w64\bin;C:\ProgramData\Miniconda3\Library\usr\bin;C:\ProgramData\Miniconda3\Library\bin;C:\ProgramData\Miniconda3\Scripts;C:\Program Files (x86)\Common Files\Oracle\Java\javapath;C:\Windows\system32;C:\Windows;C:\Windows\System32\Wbem;C:\Windows\System32\WindowsPowerShell\v1.0;C:\Windows\System32\OpenSSH;C:\Program Files (x86)\NVIDIA Corporation\PhysX\Common;C:\Program Files\NVIDIA Corporation\NVIDIA NvDLISR;C:\Program Files\Java\jdk1.8.0_221\bin;C:\Program Files\Git\cmd;C:\Program Files\Pandoc;C:\Users\xuyang\AppData\Local\Microsoft\WindowsApps;.;D:\Program Files\Microsoft VS Code\bin;C:\ProgramData\Miniconda3\lib\site-packages\numpy\.libs;C:\Users\xuyang\AppData\Roaming\Python\Python37\site-packages\mxnet
USERNAME=xuyang
OS=Windows_NT
PROCESSOR_IDENTIFIER=Intel64 Family 6 Model 158 Stepping 9, GenuineIntel



---------------  S Y S T E M  ---------------

OS: Windows 10.0 , 64 bit Build 17134 (10.0.17134.753)

CPU:total 4 (initial active 4) (2 cores per cpu, 2 threads per core) family 6 model 158 stepping 9, cmov, cx8, fxsr, mmx, sse, sse2, sse3, ssse3, sse4.1, sse4.2, popcnt, avx, avx2, aes, clmul, erms, 3dnowpref, lzcnt, ht, tsc, tscinvbit, bmi1, bmi2, adx

Memory: 4k page, physical 8329484k(1768888k free), swap 23014024k(3700k free)

vm_info: Java HotSpot(TM) 64-Bit Server VM (25.221-b11) for windows-amd64 JRE (1.8.0_221-b11), built on Jul  4 2019 04:39:29 by "java_re" with MS VC++ 10.0 (VS2010)

time: Wed Oct 16 20:58:30 2019
timezone: 中国标准时间
elapsed time: 3 seconds (0d 0h 0m 3s)

